2020-08-22 19:34:29.462  INFO 11371 --- [main] c.k.example.test.HotelControllerTest     : Starting HotelControllerTest on LTB0207907-01.local with PID 11371 (started by b0207907 in /Users/b0207907/Downloads/ass/loc/spring-boot-rest-example)
2020-08-22 19:34:29.463  INFO 11371 --- [main] c.k.example.test.HotelControllerTest     : The following profiles are active: test
2020-08-22 19:34:29.499  INFO 11371 --- [main] o.s.w.c.s.GenericWebApplicationContext   : Refreshing org.springframework.web.context.support.GenericWebApplicationContext@52f27fbd: startup date [Sat Aug 22 19:34:29 IST 2020]; root of context hierarchy
2020-08-22 19:34:30.773  INFO 11371 --- [main] trationDelegate$BeanPostProcessorChecker : Bean 'org.springframework.transaction.annotation.ProxyTransactionManagementConfiguration' of type [org.springframework.transaction.annotation.ProxyTransactionManagementConfiguration$$EnhancerBySpringCGLIB$$a6949e9d] is not eligible for getting processed by all BeanPostProcessors (for example: not eligible for auto-proxying)
2020-08-22 19:34:31.440  INFO 11371 --- [main] j.LocalContainerEntityManagerFactoryBean : Building JPA container EntityManagerFactory for persistence unit 'default'
2020-08-22 19:34:31.458  INFO 11371 --- [main] o.hibernate.jpa.internal.util.LogHelper  : HHH000204: Processing PersistenceUnitInfo [
	name: default
	...]
2020-08-22 19:34:31.537  INFO 11371 --- [main] org.hibernate.Version                    : HHH000412: Hibernate Core {5.0.12.Final}
2020-08-22 19:34:31.538  INFO 11371 --- [main] org.hibernate.cfg.Environment            : HHH000206: hibernate.properties not found
2020-08-22 19:34:31.540  INFO 11371 --- [main] org.hibernate.cfg.Environment            : HHH000021: Bytecode provider name : javassist
2020-08-22 19:34:31.642  INFO 11371 --- [main] o.hibernate.annotations.common.Version   : HCANN000001: Hibernate Commons Annotations {5.0.1.Final}
2020-08-22 19:34:31.753  INFO 11371 --- [main] org.hibernate.dialect.Dialect            : HHH000400: Using dialect: org.hibernate.dialect.H2Dialect
2020-08-22 19:34:32.127  INFO 11371 --- [main] org.hibernate.tool.hbm2ddl.SchemaExport  : HHH000227: Running hbm2ddl schema export
2020-08-22 19:34:32.138  INFO 11371 --- [main] org.hibernate.tool.hbm2ddl.SchemaExport  : HHH000230: Schema export complete
2020-08-22 19:34:32.170  INFO 11371 --- [main] j.LocalContainerEntityManagerFactoryBean : Initialized JPA EntityManagerFactory for persistence unit 'default'
2020-08-22 19:34:32.506  WARN 11371 --- [main] figurationPropertiesBindingPostProcessor : The @ConfigurationProperties bean class com.khoubyari.example.service.ServiceProperties contains validation constraints but had not been annotated with @Validated.
2020-08-22 19:34:32.506  WARN 11371 --- [main] figurationPropertiesBindingPostProcessor : The @ConfigurationProperties bean class com.khoubyari.example.service.ServiceProperties contains validation constraints but had not been annotated with @Validated.
2020-08-22 19:34:32.507  WARN 11371 --- [main] figurationPropertiesBindingPostProcessor : The @ConfigurationProperties bean class com.khoubyari.example.service.ServiceProperties contains validation constraints but had not been annotated with @Validated.
2020-08-22 19:34:32.947  INFO 11371 --- [main] s.w.s.m.m.a.RequestMappingHandlerMapping : Mapped "{[/example/v1/hotels],methods=[GET],produces=[application/json || application/xml]}" onto public org.springframework.data.domain.Page<com.khoubyari.example.domain.Hotel> com.khoubyari.example.api.rest.HotelController.getAllHotel(java.lang.Integer,java.lang.Integer,javax.servlet.http.HttpServletRequest,javax.servlet.http.HttpServletResponse)
2020-08-22 19:34:32.948  INFO 11371 --- [main] s.w.s.m.m.a.RequestMappingHandlerMapping : Mapped "{[/example/v1/hotels/{id}],methods=[GET],produces=[application/json || application/xml]}" onto public com.khoubyari.example.domain.Hotel com.khoubyari.example.api.rest.HotelController.getHotel(java.lang.Long,javax.servlet.http.HttpServletRequest,javax.servlet.http.HttpServletResponse) throws java.lang.Exception
2020-08-22 19:34:32.949  INFO 11371 --- [main] s.w.s.m.m.a.RequestMappingHandlerMapping : Mapped "{[/example/v1/hotels],methods=[POST],consumes=[application/json || application/xml],produces=[application/json || application/xml]}" onto public void com.khoubyari.example.api.rest.HotelController.createHotel(com.khoubyari.example.domain.Hotel,javax.servlet.http.HttpServletRequest,javax.servlet.http.HttpServletResponse)
2020-08-22 19:34:32.949  INFO 11371 --- [main] s.w.s.m.m.a.RequestMappingHandlerMapping : Mapped "{[/example/v1/hotels/{id}],methods=[PUT],consumes=[application/json || application/xml],produces=[application/json || application/xml]}" onto public void com.khoubyari.example.api.rest.HotelController.updateHotel(java.lang.Long,com.khoubyari.example.domain.Hotel,javax.servlet.http.HttpServletRequest,javax.servlet.http.HttpServletResponse)
2020-08-22 19:34:32.950  INFO 11371 --- [main] s.w.s.m.m.a.RequestMappingHandlerMapping : Mapped "{[/example/v1/hotels/{id}],methods=[DELETE],produces=[application/json || application/xml]}" onto public void com.khoubyari.example.api.rest.HotelController.deleteHotel(java.lang.Long,javax.servlet.http.HttpServletRequest,javax.servlet.http.HttpServletResponse)
2020-08-22 19:34:32.951  INFO 11371 --- [main] s.w.s.m.m.a.RequestMappingHandlerMapping : Mapped "{[/v2/api-docs],methods=[GET],produces=[application/json || application/hal+json]}" onto public org.springframework.http.ResponseEntity<springfox.documentation.spring.web.json.Json> springfox.documentation.swagger2.web.Swagger2Controller.getDocumentation(java.lang.String,javax.servlet.http.HttpServletRequest)
2020-08-22 19:34:32.953  INFO 11371 --- [main] s.w.s.m.m.a.RequestMappingHandlerMapping : Mapped "{[/swagger-resources/configuration/ui]}" onto org.springframework.http.ResponseEntity<springfox.documentation.swagger.web.UiConfiguration> springfox.documentation.swagger.web.ApiResourceController.uiConfiguration()
2020-08-22 19:34:32.954  INFO 11371 --- [main] s.w.s.m.m.a.RequestMappingHandlerMapping : Mapped "{[/swagger-resources/configuration/security]}" onto org.springframework.http.ResponseEntity<springfox.documentation.swagger.web.SecurityConfiguration> springfox.documentation.swagger.web.ApiResourceController.securityConfiguration()
2020-08-22 19:34:32.954  INFO 11371 --- [main] s.w.s.m.m.a.RequestMappingHandlerMapping : Mapped "{[/swagger-resources]}" onto org.springframework.http.ResponseEntity<java.util.List<springfox.documentation.swagger.web.SwaggerResource>> springfox.documentation.swagger.web.ApiResourceController.swaggerResources()
2020-08-22 19:34:32.957  INFO 11371 --- [main] s.w.s.m.m.a.RequestMappingHandlerMapping : Mapped "{[/error]}" onto public org.springframework.http.ResponseEntity<java.util.Map<java.lang.String, java.lang.Object>> org.springframework.boot.autoconfigure.web.BasicErrorController.error(javax.servlet.http.HttpServletRequest)
2020-08-22 19:34:32.957  INFO 11371 --- [main] s.w.s.m.m.a.RequestMappingHandlerMapping : Mapped "{[/error],produces=[text/html]}" onto public org.springframework.web.servlet.ModelAndView org.springframework.boot.autoconfigure.web.BasicErrorController.errorHtml(javax.servlet.http.HttpServletRequest,javax.servlet.http.HttpServletResponse)
2020-08-22 19:34:33.472  INFO 11371 --- [main] s.w.s.m.m.a.RequestMappingHandlerAdapter : Looking for @ControllerAdvice: org.springframework.web.context.support.GenericWebApplicationContext@52f27fbd: startup date [Sat Aug 22 19:34:29 IST 2020]; root of context hierarchy
2020-08-22 19:34:33.517  INFO 11371 --- [main] o.s.w.s.handler.SimpleUrlHandlerMapping  : Mapped URL path [/webjars/**] onto handler of type [class org.springframework.web.servlet.resource.ResourceHttpRequestHandler]
2020-08-22 19:34:33.517  INFO 11371 --- [main] o.s.w.s.handler.SimpleUrlHandlerMapping  : Mapped URL path [/**] onto handler of type [class org.springframework.web.servlet.resource.ResourceHttpRequestHandler]
2020-08-22 19:34:33.548  INFO 11371 --- [main] o.s.w.s.handler.SimpleUrlHandlerMapping  : Mapped URL path [/**/favicon.ico] onto handler of type [class org.springframework.web.servlet.resource.ResourceHttpRequestHandler]
2020-08-22 19:34:33.776  INFO 11371 --- [main] b.a.s.AuthenticationManagerConfiguration : 

Using default security password: 5f1e99bf-78df-4101-9dce-c18cead329d7

2020-08-22 19:34:33.820  INFO 11371 --- [main] o.s.s.web.DefaultSecurityFilterChain     : Creating filter chain: OrRequestMatcher [requestMatchers=[Ant [pattern='/css/**'], Ant [pattern='/js/**'], Ant [pattern='/images/**'], Ant [pattern='/webjars/**'], Ant [pattern='/**/favicon.ico'], Ant [pattern='/error']]], []
2020-08-22 19:34:33.820  INFO 11371 --- [main] o.s.s.web.DefaultSecurityFilterChain     : Creating filter chain: org.springframework.boot.actuate.autoconfigure.ManagementWebSecurityAutoConfiguration$LazyEndpointPathRequestMatcher@1c787389, []
2020-08-22 19:34:33.863  INFO 11371 --- [main] o.s.s.web.DefaultSecurityFilterChain     : Creating filter chain: org.springframework.boot.autoconfigure.security.SpringBootWebSecurityConfiguration$ApplicationNoWebSecurityConfigurerAdapter$1@7c0ff7a0, [org.springframework.security.web.context.request.async.WebAsyncManagerIntegrationFilter@24c84e65, org.springframework.security.web.context.SecurityContextPersistenceFilter@7e0883f3, org.springframework.security.web.header.HeaderWriterFilter@25dad235, org.springframework.security.web.csrf.CsrfFilter@114badf0, org.springframework.security.web.authentication.logout.LogoutFilter@7614378d, org.springframework.security.web.savedrequest.RequestCacheAwareFilter@3d57fb9e, org.springframework.security.web.servletapi.SecurityContextHolderAwareRequestFilter@2411b935, org.springframework.security.web.authentication.AnonymousAuthenticationFilter@7337bd2e, org.springframework.security.web.session.SessionManagementFilter@fefb66c, org.springframework.security.web.access.ExceptionTranslationFilter@4f2b1e9f]
2020-08-22 19:34:34.224  WARN 11371 --- [main] .s.b.a.a.EndpointWebMvcAutoConfiguration : Could not start embedded management container on different port (management endpoints are still available through JMX)
2020-08-22 19:34:34.227  INFO 11371 --- [main] o.s.c.support.DefaultLifecycleProcessor  : Starting beans in phase 2147483647
2020-08-22 19:34:34.227  INFO 11371 --- [main] d.s.w.p.DocumentationPluginsBootstrapper : Context refreshed
2020-08-22 19:34:34.246  INFO 11371 --- [main] d.s.w.p.DocumentationPluginsBootstrapper : Found 1 custom documentation plugin(s)
2020-08-22 19:34:34.254  INFO 11371 --- [main] s.d.s.w.s.ApiListingReferenceScanner     : Scanning for api listing references
2020-08-22 19:34:34.397  INFO 11371 --- [main] c.k.example.test.HotelControllerTest     : Started HotelControllerTest in 15.284 seconds (JVM running for 15.835)
2020-08-22 19:34:34.461  INFO 11371 --- [main] o.s.b.t.m.w.SpringBootMockServletContext : Initializing Spring FrameworkServlet ''
2020-08-22 19:34:34.461  INFO 11371 --- [main] o.s.t.web.servlet.TestDispatcherServlet  : FrameworkServlet '': initialization started
2020-08-22 19:34:34.475  INFO 11371 --- [main] o.s.t.web.servlet.TestDispatcherServlet  : FrameworkServlet '': initialization completed in 14 ms
2020-08-22 19:34:34.549  INFO 11371 --- [main] c.k.example.RestControllerAspect         : :::::AOP Before REST call:::::execution(void com.khoubyari.example.api.rest.HotelController.createHotel(Hotel,HttpServletRequest,HttpServletResponse))
2020-08-22 19:34:34.606  INFO 11371 --- [main] c.k.example.RestControllerAspect         : :::::AOP Before REST call:::::execution(Hotel com.khoubyari.example.api.rest.HotelController.getHotel(Long,HttpServletRequest,HttpServletResponse))
2020-08-22 19:34:34.643  INFO 11371 --- [main] c.k.example.RestControllerAspect         : :::::AOP Before REST call:::::execution(void com.khoubyari.example.api.rest.HotelController.deleteHotel(Long,HttpServletRequest,HttpServletResponse))
2020-08-22 19:34:34.654  INFO 11371 --- [main] c.k.example.RestControllerAspect         : :::::AOP Before REST call:::::execution(Hotel com.khoubyari.example.api.rest.HotelController.getHotel(Long,HttpServletRequest,HttpServletResponse))
2020-08-22 19:34:34.658  INFO 11371 --- [main] c.k.example.api.rest.HotelController     : ResourceNotFoundException handler:resource not found
2020-08-22 19:34:34.666  INFO 11371 --- [main] o.s.b.t.m.w.SpringBootMockServletContext : Initializing Spring FrameworkServlet ''
2020-08-22 19:34:34.666  INFO 11371 --- [main] o.s.t.web.servlet.TestDispatcherServlet  : FrameworkServlet '': initialization started
2020-08-22 19:34:34.670  INFO 11371 --- [main] o.s.t.web.servlet.TestDispatcherServlet  : FrameworkServlet '': initialization completed in 4 ms
2020-08-22 19:34:34.671  INFO 11371 --- [main] c.k.example.RestControllerAspect         : :::::AOP Before REST call:::::execution(void com.khoubyari.example.api.rest.HotelController.createHotel(Hotel,HttpServletRequest,HttpServletResponse))
2020-08-22 19:34:34.676  INFO 11371 --- [main] c.k.example.RestControllerAspect         : :::::AOP Before REST call:::::execution(void com.khoubyari.example.api.rest.HotelController.updateHotel(Long,Hotel,HttpServletRequest,HttpServletResponse))
2020-08-22 19:34:34.683  INFO 11371 --- [main] c.k.example.RestControllerAspect         : :::::AOP Before REST call:::::execution(Hotel com.khoubyari.example.api.rest.HotelController.getHotel(Long,HttpServletRequest,HttpServletResponse))
2020-08-22 19:34:34.686  INFO 11371 --- [main] c.k.example.RestControllerAspect         : :::::AOP Before REST call:::::execution(void com.khoubyari.example.api.rest.HotelController.deleteHotel(Long,HttpServletRequest,HttpServletResponse))
2020-08-22 19:34:34.694  INFO 11371 --- [Thread-4] o.s.w.c.s.GenericWebApplicationContext   : Closing org.springframework.web.context.support.GenericWebApplicationContext@52f27fbd: startup date [Sat Aug 22 19:34:29 IST 2020]; root of context hierarchy
2020-08-22 19:34:34.736  INFO 11371 --- [Thread-4] o.s.c.support.DefaultLifecycleProcessor  : Stopping beans in phase 2147483647
2020-08-22 19:34:34.742  INFO 11371 --- [Thread-4] j.LocalContainerEntityManagerFactoryBean : Closing JPA EntityManagerFactory for persistence unit 'default'
2020-08-22 19:34:34.742  INFO 11371 --- [Thread-4] org.hibernate.tool.hbm2ddl.SchemaExport  : HHH000227: Running hbm2ddl schema export
2020-08-22 19:34:34.749 ERROR 11371 --- [Thread-4] org.hibernate.tool.hbm2ddl.SchemaExport  : HHH000231: Schema export unsuccessful

org.h2.jdbc.JdbcSQLException: Database is already closed (to disable automatic closing at VM shutdown, add ";DB_CLOSE_ON_EXIT=FALSE" to the db URL) [90121-193]
	at org.h2.message.DbException.getJdbcSQLException(DbException.java:345) ~[h2-1.4.193.jar:1.4.193]
	at org.h2.message.DbException.get(DbException.java:179) ~[h2-1.4.193.jar:1.4.193]
	at org.h2.message.DbException.get(DbException.java:155) ~[h2-1.4.193.jar:1.4.193]
	at org.h2.message.DbException.get(DbException.java:144) ~[h2-1.4.193.jar:1.4.193]
	at org.h2.jdbc.JdbcConnection.checkClosed(JdbcConnection.java:1483) ~[h2-1.4.193.jar:1.4.193]
	at org.h2.jdbc.JdbcConnection.checkClosed(JdbcConnection.java:1458) ~[h2-1.4.193.jar:1.4.193]
	at org.h2.jdbc.JdbcConnection.getAutoCommit(JdbcConnection.java:457) ~[h2-1.4.193.jar:1.4.193]
	at sun.reflect.NativeMethodAccessorImpl.invoke0(Native Method) ~[na:1.8.0_265]
	at sun.reflect.NativeMethodAccessorImpl.invoke(NativeMethodAccessorImpl.java:62) ~[na:1.8.0_265]
	at sun.reflect.DelegatingMethodAccessorImpl.invoke(DelegatingMethodAccessorImpl.java:43) ~[na:1.8.0_265]
	at java.lang.reflect.Method.invoke(Method.java:498) ~[na:1.8.0_265]
	at org.apache.tomcat.jdbc.pool.ProxyConnection.invoke(ProxyConnection.java:126) ~[tomcat-jdbc-8.5.23.jar:na]
	at org.apache.tomcat.jdbc.pool.JdbcInterceptor.invoke(JdbcInterceptor.java:108) ~[tomcat-jdbc-8.5.23.jar:na]
	at org.apache.tomcat.jdbc.pool.interceptor.AbstractCreateStatementInterceptor.invoke(AbstractCreateStatementInterceptor.java:79) ~[tomcat-jdbc-8.5.23.jar:na]
	at org.apache.tomcat.jdbc.pool.JdbcInterceptor.invoke(JdbcInterceptor.java:108) ~[tomcat-jdbc-8.5.23.jar:na]
	at org.apache.tomcat.jdbc.pool.DisposableConnectionFacade.invoke(DisposableConnectionFacade.java:81) ~[tomcat-jdbc-8.5.23.jar:na]
	at com.sun.proxy.$Proxy97.getAutoCommit(Unknown Source) ~[na:na]
	at org.hibernate.tool.hbm2ddl.SuppliedConnectionProviderConnectionHelper.prepare(SuppliedConnectionProviderConnectionHelper.java:34) ~[hibernate-core-5.0.12.Final.jar:5.0.12.Final]
	at org.hibernate.tool.hbm2ddl.DatabaseExporter.<init>(DatabaseExporter.java:35) ~[hibernate-core-5.0.12.Final.jar:5.0.12.Final]
	at org.hibernate.tool.hbm2ddl.SchemaExport.execute(SchemaExport.java:425) ~[hibernate-core-5.0.12.Final.jar:5.0.12.Final]
	at org.hibernate.tool.hbm2ddl.SchemaExport.drop(SchemaExport.java:375) ~[hibernate-core-5.0.12.Final.jar:5.0.12.Final]
	at org.hibernate.tool.hbm2ddl.SchemaExport.drop(SchemaExport.java:371) ~[hibernate-core-5.0.12.Final.jar:5.0.12.Final]
	at org.hibernate.internal.SessionFactoryImpl.close(SessionFactoryImpl.java:1081) ~[hibernate-core-5.0.12.Final.jar:5.0.12.Final]
	at org.hibernate.jpa.internal.EntityManagerFactoryImpl.close(EntityManagerFactoryImpl.java:347) ~[hibernate-entitymanager-5.0.12.Final.jar:5.0.12.Final]
	at sun.reflect.NativeMethodAccessorImpl.invoke0(Native Method) ~[na:1.8.0_265]
	at sun.reflect.NativeMethodAccessorImpl.invoke(NativeMethodAccessorImpl.java:62) ~[na:1.8.0_265]
	at sun.reflect.DelegatingMethodAccessorImpl.invoke(DelegatingMethodAccessorImpl.java:43) ~[na:1.8.0_265]
	at java.lang.reflect.Method.invoke(Method.java:498) ~[na:1.8.0_265]
	at org.springframework.orm.jpa.AbstractEntityManagerFactoryBean.invokeProxyMethod(AbstractEntityManagerFactoryBean.java:473) [spring-orm-4.3.13.RELEASE.jar:4.3.13.RELEASE]
	at org.springframework.orm.jpa.AbstractEntityManagerFactoryBean$ManagedEntityManagerFactoryInvocationHandler.invoke(AbstractEntityManagerFactoryBean.java:645) [spring-orm-4.3.13.RELEASE.jar:4.3.13.RELEASE]
	at com.sun.proxy.$Proxy107.close(Unknown Source) [na:na]
	at org.springframework.orm.jpa.AbstractEntityManagerFactoryBean.destroy(AbstractEntityManagerFactoryBean.java:565) [spring-orm-4.3.13.RELEASE.jar:4.3.13.RELEASE]
	at org.springframework.beans.factory.support.DisposableBeanAdapter.destroy(DisposableBeanAdapter.java:272) [spring-beans-4.3.13.RELEASE.jar:4.3.13.RELEASE]
	at org.springframework.beans.factory.support.DefaultSingletonBeanRegistry.destroyBean(DefaultSingletonBeanRegistry.java:578) [spring-beans-4.3.13.RELEASE.jar:4.3.13.RELEASE]
	at org.springframework.beans.factory.support.DefaultSingletonBeanRegistry.destroySingleton(DefaultSingletonBeanRegistry.java:554) [spring-beans-4.3.13.RELEASE.jar:4.3.13.RELEASE]
	at org.springframework.beans.factory.support.DefaultListableBeanFactory.destroySingleton(DefaultListableBeanFactory.java:961) [spring-beans-4.3.13.RELEASE.jar:4.3.13.RELEASE]
	at org.springframework.beans.factory.support.DefaultSingletonBeanRegistry.destroySingletons(DefaultSingletonBeanRegistry.java:523) [spring-beans-4.3.13.RELEASE.jar:4.3.13.RELEASE]
	at org.springframework.beans.factory.support.FactoryBeanRegistrySupport.destroySingletons(FactoryBeanRegistrySupport.java:230) [spring-beans-4.3.13.RELEASE.jar:4.3.13.RELEASE]
	at org.springframework.beans.factory.support.DefaultListableBeanFactory.destroySingletons(DefaultListableBeanFactory.java:968) [spring-beans-4.3.13.RELEASE.jar:4.3.13.RELEASE]
	at org.springframework.context.support.AbstractApplicationContext.destroyBeans(AbstractApplicationContext.java:1032) [spring-context-4.3.13.RELEASE.jar:4.3.13.RELEASE]
	at org.springframework.context.support.AbstractApplicationContext.doClose(AbstractApplicationContext.java:1008) [spring-context-4.3.13.RELEASE.jar:4.3.13.RELEASE]
	at org.springframework.context.support.AbstractApplicationContext$2.run(AbstractApplicationContext.java:929) [spring-context-4.3.13.RELEASE.jar:4.3.13.RELEASE]

2020-08-22 19:34:34.750  INFO 11371 --- [Thread-4] org.hibernate.tool.hbm2ddl.SchemaExport  : HHH000230: Schema export complete
2020-08-22 19:51:02.745  INFO 11481 --- [main] com.khoubyari.example.Application        : Starting Application v0.5.0 on LTB0207907-01.local with PID 11481 (/Users/b0207907/Downloads/ass/loc/spring-boot-rest-example/target/spring-boot-rest-example-0.5.0.war started by b0207907 in /Users/b0207907/Downloads/ass/loc/spring-boot-rest-example)
2020-08-22 19:51:02.753  INFO 11481 --- [main] com.khoubyari.example.Application        : The following profiles are active: test
2020-08-22 19:51:02.828  INFO 11481 --- [main] ationConfigEmbeddedWebApplicationContext : Refreshing org.springframework.boot.context.embedded.AnnotationConfigEmbeddedWebApplicationContext@5c8da962: startup date [Sat Aug 22 19:51:02 IST 2020]; root of context hierarchy
2020-08-22 19:51:04.500  INFO 11481 --- [main] trationDelegate$BeanPostProcessorChecker : Bean 'org.springframework.transaction.annotation.ProxyTransactionManagementConfiguration' of type [org.springframework.transaction.annotation.ProxyTransactionManagementConfiguration$$EnhancerBySpringCGLIB$$e2c33955] is not eligible for getting processed by all BeanPostProcessors (for example: not eligible for auto-proxying)
2020-08-22 19:51:05.196  INFO 11481 --- [main] s.b.c.e.t.TomcatEmbeddedServletContainer : Tomcat initialized with port(s): 8090 (http)
2020-08-22 19:51:05.212  INFO 11481 --- [main] o.apache.catalina.core.StandardService   : Starting service [Tomcat]
2020-08-22 19:51:05.214  INFO 11481 --- [main] org.apache.catalina.core.StandardEngine  : Starting Servlet Engine: Apache Tomcat/8.5.23
2020-08-22 19:51:06.088  INFO 11481 --- [localhost-startStop-1] o.a.c.c.C.[Tomcat].[localhost].[/]       : Initializing Spring embedded WebApplicationContext
2020-08-22 19:51:06.089  INFO 11481 --- [localhost-startStop-1] o.s.web.context.ContextLoader            : Root WebApplicationContext: initialization completed in 3266 ms
2020-08-22 19:51:06.397  INFO 11481 --- [localhost-startStop-1] o.s.b.w.servlet.FilterRegistrationBean   : Mapping filter: 'metricsFilter' to: [/*]
2020-08-22 19:51:06.398  INFO 11481 --- [localhost-startStop-1] o.s.b.w.servlet.FilterRegistrationBean   : Mapping filter: 'characterEncodingFilter' to: [/*]
2020-08-22 19:51:06.398  INFO 11481 --- [localhost-startStop-1] o.s.b.w.servlet.FilterRegistrationBean   : Mapping filter: 'hiddenHttpMethodFilter' to: [/*]
2020-08-22 19:51:06.398  INFO 11481 --- [localhost-startStop-1] o.s.b.w.servlet.FilterRegistrationBean   : Mapping filter: 'httpPutFormContentFilter' to: [/*]
2020-08-22 19:51:06.398  INFO 11481 --- [localhost-startStop-1] o.s.b.w.servlet.FilterRegistrationBean   : Mapping filter: 'requestContextFilter' to: [/*]
2020-08-22 19:51:06.400  INFO 11481 --- [localhost-startStop-1] .s.DelegatingFilterProxyRegistrationBean : Mapping filter: 'springSecurityFilterChain' to: [/*]
2020-08-22 19:51:06.400  INFO 11481 --- [localhost-startStop-1] o.s.b.w.servlet.FilterRegistrationBean   : Mapping filter: 'webRequestLoggingFilter' to: [/*]
2020-08-22 19:51:06.400  INFO 11481 --- [localhost-startStop-1] o.s.b.w.servlet.FilterRegistrationBean   : Mapping filter: 'applicationContextIdFilter' to: [/*]
2020-08-22 19:51:06.400  INFO 11481 --- [localhost-startStop-1] o.s.b.w.servlet.ServletRegistrationBean  : Mapping servlet: 'dispatcherServlet' to [/]
2020-08-22 19:51:06.402  INFO 11481 --- [localhost-startStop-1] o.s.b.w.servlet.ServletRegistrationBean  : Mapping servlet: 'webServlet' to [/h2-console/*]
2020-08-22 19:51:06.950  INFO 11481 --- [main] j.LocalContainerEntityManagerFactoryBean : Building JPA container EntityManagerFactory for persistence unit 'default'
2020-08-22 19:51:06.966  INFO 11481 --- [main] o.hibernate.jpa.internal.util.LogHelper  : HHH000204: Processing PersistenceUnitInfo [
	name: default
	...]
2020-08-22 19:51:07.046  INFO 11481 --- [main] org.hibernate.Version                    : HHH000412: Hibernate Core {5.0.12.Final}
2020-08-22 19:51:07.047  INFO 11481 --- [main] org.hibernate.cfg.Environment            : HHH000206: hibernate.properties not found
2020-08-22 19:51:07.049  INFO 11481 --- [main] org.hibernate.cfg.Environment            : HHH000021: Bytecode provider name : javassist
2020-08-22 19:51:07.109  INFO 11481 --- [main] o.hibernate.annotations.common.Version   : HCANN000001: Hibernate Commons Annotations {5.0.1.Final}
2020-08-22 19:51:07.279  INFO 11481 --- [main] org.hibernate.dialect.Dialect            : HHH000400: Using dialect: org.hibernate.dialect.H2Dialect
2020-08-22 19:51:07.718  INFO 11481 --- [main] org.hibernate.tool.hbm2ddl.SchemaExport  : HHH000227: Running hbm2ddl schema export
2020-08-22 19:51:07.732  INFO 11481 --- [main] org.hibernate.tool.hbm2ddl.SchemaExport  : HHH000230: Schema export complete
2020-08-22 19:51:07.786  INFO 11481 --- [main] j.LocalContainerEntityManagerFactoryBean : Initialized JPA EntityManagerFactory for persistence unit 'default'
2020-08-22 19:51:08.178  WARN 11481 --- [main] figurationPropertiesBindingPostProcessor : The @ConfigurationProperties bean class com.khoubyari.example.service.ServiceProperties contains validation constraints but had not been annotated with @Validated.
2020-08-22 19:51:08.178  WARN 11481 --- [main] figurationPropertiesBindingPostProcessor : The @ConfigurationProperties bean class com.khoubyari.example.service.ServiceProperties contains validation constraints but had not been annotated with @Validated.
2020-08-22 19:51:08.178  WARN 11481 --- [main] figurationPropertiesBindingPostProcessor : The @ConfigurationProperties bean class com.khoubyari.example.service.ServiceProperties contains validation constraints but had not been annotated with @Validated.
2020-08-22 19:51:08.616  INFO 11481 --- [main] s.w.s.m.m.a.RequestMappingHandlerMapping : Mapped "{[/example/v1/hotels],methods=[POST],consumes=[application/json || application/xml],produces=[application/json || application/xml]}" onto public void com.khoubyari.example.api.rest.HotelController.createHotel(com.khoubyari.example.domain.Hotel,javax.servlet.http.HttpServletRequest,javax.servlet.http.HttpServletResponse)
2020-08-22 19:51:08.618  INFO 11481 --- [main] s.w.s.m.m.a.RequestMappingHandlerMapping : Mapped "{[/example/v1/hotels],methods=[GET],produces=[application/json || application/xml]}" onto public org.springframework.data.domain.Page<com.khoubyari.example.domain.Hotel> com.khoubyari.example.api.rest.HotelController.getAllHotel(java.lang.Integer,java.lang.Integer,javax.servlet.http.HttpServletRequest,javax.servlet.http.HttpServletResponse)
2020-08-22 19:51:08.618  INFO 11481 --- [main] s.w.s.m.m.a.RequestMappingHandlerMapping : Mapped "{[/example/v1/hotels/{id}],methods=[GET],produces=[application/json || application/xml]}" onto public com.khoubyari.example.domain.Hotel com.khoubyari.example.api.rest.HotelController.getHotel(java.lang.Long,javax.servlet.http.HttpServletRequest,javax.servlet.http.HttpServletResponse) throws java.lang.Exception
2020-08-22 19:51:08.619  INFO 11481 --- [main] s.w.s.m.m.a.RequestMappingHandlerMapping : Mapped "{[/example/v1/hotels/{id}],methods=[PUT],consumes=[application/json || application/xml],produces=[application/json || application/xml]}" onto public void com.khoubyari.example.api.rest.HotelController.updateHotel(java.lang.Long,com.khoubyari.example.domain.Hotel,javax.servlet.http.HttpServletRequest,javax.servlet.http.HttpServletResponse)
2020-08-22 19:51:08.619  INFO 11481 --- [main] s.w.s.m.m.a.RequestMappingHandlerMapping : Mapped "{[/example/v1/hotels/{id}],methods=[DELETE],produces=[application/json || application/xml]}" onto public void com.khoubyari.example.api.rest.HotelController.deleteHotel(java.lang.Long,javax.servlet.http.HttpServletRequest,javax.servlet.http.HttpServletResponse)
2020-08-22 19:51:08.620  INFO 11481 --- [main] s.w.s.m.m.a.RequestMappingHandlerMapping : Mapped "{[/v2/api-docs],methods=[GET],produces=[application/json || application/hal+json]}" onto public org.springframework.http.ResponseEntity<springfox.documentation.spring.web.json.Json> springfox.documentation.swagger2.web.Swagger2Controller.getDocumentation(java.lang.String,javax.servlet.http.HttpServletRequest)
2020-08-22 19:51:08.622  INFO 11481 --- [main] s.w.s.m.m.a.RequestMappingHandlerMapping : Mapped "{[/swagger-resources/configuration/security]}" onto org.springframework.http.ResponseEntity<springfox.documentation.swagger.web.SecurityConfiguration> springfox.documentation.swagger.web.ApiResourceController.securityConfiguration()
2020-08-22 19:51:08.622  INFO 11481 --- [main] s.w.s.m.m.a.RequestMappingHandlerMapping : Mapped "{[/swagger-resources/configuration/ui]}" onto org.springframework.http.ResponseEntity<springfox.documentation.swagger.web.UiConfiguration> springfox.documentation.swagger.web.ApiResourceController.uiConfiguration()
2020-08-22 19:51:08.623  INFO 11481 --- [main] s.w.s.m.m.a.RequestMappingHandlerMapping : Mapped "{[/swagger-resources]}" onto org.springframework.http.ResponseEntity<java.util.List<springfox.documentation.swagger.web.SwaggerResource>> springfox.documentation.swagger.web.ApiResourceController.swaggerResources()
2020-08-22 19:51:08.625  INFO 11481 --- [main] s.w.s.m.m.a.RequestMappingHandlerMapping : Mapped "{[/error]}" onto public org.springframework.http.ResponseEntity<java.util.Map<java.lang.String, java.lang.Object>> org.springframework.boot.autoconfigure.web.BasicErrorController.error(javax.servlet.http.HttpServletRequest)
2020-08-22 19:51:08.625  INFO 11481 --- [main] s.w.s.m.m.a.RequestMappingHandlerMapping : Mapped "{[/error],produces=[text/html]}" onto public org.springframework.web.servlet.ModelAndView org.springframework.boot.autoconfigure.web.BasicErrorController.errorHtml(javax.servlet.http.HttpServletRequest,javax.servlet.http.HttpServletResponse)
2020-08-22 19:51:09.013  INFO 11481 --- [main] s.w.s.m.m.a.RequestMappingHandlerAdapter : Looking for @ControllerAdvice: org.springframework.boot.context.embedded.AnnotationConfigEmbeddedWebApplicationContext@5c8da962: startup date [Sat Aug 22 19:51:02 IST 2020]; root of context hierarchy
2020-08-22 19:51:09.080  INFO 11481 --- [main] o.s.w.s.handler.SimpleUrlHandlerMapping  : Mapped URL path [/webjars/**] onto handler of type [class org.springframework.web.servlet.resource.ResourceHttpRequestHandler]
2020-08-22 19:51:09.080  INFO 11481 --- [main] o.s.w.s.handler.SimpleUrlHandlerMapping  : Mapped URL path [/**] onto handler of type [class org.springframework.web.servlet.resource.ResourceHttpRequestHandler]
2020-08-22 19:51:09.122  INFO 11481 --- [main] o.s.w.s.handler.SimpleUrlHandlerMapping  : Mapped URL path [/**/favicon.ico] onto handler of type [class org.springframework.web.servlet.resource.ResourceHttpRequestHandler]
2020-08-22 19:51:09.363  INFO 11481 --- [main] b.a.s.AuthenticationManagerConfiguration : 

Using default security password: b8bdbc7c-e69c-4747-ae8c-23c371b7fd0f

2020-08-22 19:51:09.439  INFO 11481 --- [main] o.s.s.web.DefaultSecurityFilterChain     : Creating filter chain: OrRequestMatcher [requestMatchers=[Ant [pattern='/css/**'], Ant [pattern='/js/**'], Ant [pattern='/images/**'], Ant [pattern='/webjars/**'], Ant [pattern='/**/favicon.ico'], Ant [pattern='/error']]], []
2020-08-22 19:51:09.439  INFO 11481 --- [main] o.s.s.web.DefaultSecurityFilterChain     : Creating filter chain: org.springframework.boot.actuate.autoconfigure.ManagementWebSecurityAutoConfiguration$LazyEndpointPathRequestMatcher@591e58fa, []
2020-08-22 19:51:09.528  INFO 11481 --- [main] o.s.s.web.DefaultSecurityFilterChain     : Creating filter chain: org.springframework.boot.autoconfigure.security.SpringBootWebSecurityConfiguration$ApplicationNoWebSecurityConfigurerAdapter$1@37ebc9d8, [org.springframework.security.web.context.request.async.WebAsyncManagerIntegrationFilter@293bb8a5, org.springframework.security.web.context.SecurityContextPersistenceFilter@7859e786, org.springframework.security.web.header.HeaderWriterFilter@2f7a7219, org.springframework.security.web.csrf.CsrfFilter@7f69d591, org.springframework.security.web.authentication.logout.LogoutFilter@32232e55, org.springframework.security.web.savedrequest.RequestCacheAwareFilter@71104a4, org.springframework.security.web.servletapi.SecurityContextHolderAwareRequestFilter@3c9168dc, org.springframework.security.web.authentication.AnonymousAuthenticationFilter@2416a51, org.springframework.security.web.session.SessionManagementFilter@3a1d593e, org.springframework.security.web.access.ExceptionTranslationFilter@403132fc]
2020-08-22 19:51:09.909  INFO 11481 --- [main] ationConfigEmbeddedWebApplicationContext : Refreshing org.springframework.boot.context.embedded.AnnotationConfigEmbeddedWebApplicationContext@5a62b2a4: startup date [Sat Aug 22 19:51:09 IST 2020]; parent: org.springframework.boot.context.embedded.AnnotationConfigEmbeddedWebApplicationContext@5c8da962
2020-08-22 19:51:09.946  INFO 11481 --- [main] o.s.b.f.s.DefaultListableBeanFactory     : Overriding bean definition for bean 'handlerExceptionResolver' with a different definition: replacing [Root bean: class [null]; scope=; abstract=false; lazyInit=false; autowireMode=3; dependencyCheck=0; autowireCandidate=true; primary=false; factoryBeanName=org.springframework.web.servlet.config.annotation.DelegatingWebMvcConfiguration; factoryMethodName=handlerExceptionResolver; initMethodName=null; destroyMethodName=(inferred); defined in org.springframework.web.servlet.config.annotation.DelegatingWebMvcConfiguration] with [Root bean: class [null]; scope=; abstract=false; lazyInit=false; autowireMode=3; dependencyCheck=0; autowireCandidate=true; primary=false; factoryBeanName=endpointWebMvcChildContextConfiguration; factoryMethodName=compositeHandlerExceptionResolver; initMethodName=null; destroyMethodName=(inferred); defined in org.springframework.boot.actuate.autoconfigure.EndpointWebMvcChildContextConfiguration]
2020-08-22 19:51:09.995  INFO 11481 --- [main] s.b.c.e.t.TomcatEmbeddedServletContainer : Tomcat initialized with port(s): 8091 (http)
2020-08-22 19:51:09.996  INFO 11481 --- [main] o.apache.catalina.core.StandardService   : Starting service [Tomcat]
2020-08-22 19:51:09.996  INFO 11481 --- [main] org.apache.catalina.core.StandardEngine  : Starting Servlet Engine: Apache Tomcat/8.5.23
2020-08-22 19:51:10.685  INFO 11481 --- [localhost-startStop-1] o.a.c.c.C.[Tomcat-1].[localhost].[/]     : Initializing Spring embedded WebApplicationContext
2020-08-22 19:51:10.685  INFO 11481 --- [localhost-startStop-1] o.s.web.context.ContextLoader            : Root WebApplicationContext: initialization completed in 776 ms
2020-08-22 19:51:10.695  INFO 11481 --- [localhost-startStop-1] o.s.b.w.servlet.ServletRegistrationBean  : Mapping servlet: 'dispatcherServlet' to [/]
2020-08-22 19:51:10.696  INFO 11481 --- [localhost-startStop-1] o.s.b.w.servlet.FilterRegistrationBean   : Mapping filter: 'springSecurityFilterChain' to: [/*]
2020-08-22 19:51:10.782  INFO 11481 --- [main] o.s.b.a.e.mvc.EndpointHandlerMapping     : Mapped "{[/autoconfig || /autoconfig.json],methods=[GET],produces=[application/vnd.spring-boot.actuator.v1+json || application/json]}" onto public java.lang.Object org.springframework.boot.actuate.endpoint.mvc.EndpointMvcAdapter.invoke()
2020-08-22 19:51:10.783  INFO 11481 --- [main] o.s.b.a.e.mvc.EndpointHandlerMapping     : Mapped "{[/logfile || /logfile.json],methods=[GET || HEAD]}" onto public void org.springframework.boot.actuate.endpoint.mvc.LogFileMvcEndpoint.invoke(javax.servlet.http.HttpServletRequest,javax.servlet.http.HttpServletResponse) throws javax.servlet.ServletException,java.io.IOException
2020-08-22 19:51:10.784  INFO 11481 --- [main] o.s.b.a.e.mvc.EndpointHandlerMapping     : Mapped "{[/info || /info.json],methods=[GET],produces=[application/vnd.spring-boot.actuator.v1+json || application/json]}" onto public java.lang.Object org.springframework.boot.actuate.endpoint.mvc.EndpointMvcAdapter.invoke()
2020-08-22 19:51:10.785  INFO 11481 --- [main] o.s.b.a.e.mvc.EndpointHandlerMapping     : Mapped "{[/env/{name:.*}],methods=[GET],produces=[application/vnd.spring-boot.actuator.v1+json || application/json]}" onto public java.lang.Object org.springframework.boot.actuate.endpoint.mvc.EnvironmentMvcEndpoint.value(java.lang.String)
2020-08-22 19:51:10.785  INFO 11481 --- [main] o.s.b.a.e.mvc.EndpointHandlerMapping     : Mapped "{[/env || /env.json],methods=[GET],produces=[application/vnd.spring-boot.actuator.v1+json || application/json]}" onto public java.lang.Object org.springframework.boot.actuate.endpoint.mvc.EndpointMvcAdapter.invoke()
2020-08-22 19:51:10.786  INFO 11481 --- [main] o.s.b.a.e.mvc.EndpointHandlerMapping     : Mapped "{[/trace || /trace.json],methods=[GET],produces=[application/vnd.spring-boot.actuator.v1+json || application/json]}" onto public java.lang.Object org.springframework.boot.actuate.endpoint.mvc.EndpointMvcAdapter.invoke()
2020-08-22 19:51:10.786  INFO 11481 --- [main] o.s.b.a.e.mvc.EndpointHandlerMapping     : Mapped "{[/health || /health.json],methods=[GET],produces=[application/vnd.spring-boot.actuator.v1+json || application/json]}" onto public java.lang.Object org.springframework.boot.actuate.endpoint.mvc.HealthMvcEndpoint.invoke(javax.servlet.http.HttpServletRequest,java.security.Principal)
2020-08-22 19:51:10.787  INFO 11481 --- [main] o.s.b.a.e.mvc.EndpointHandlerMapping     : Mapped "{[/metrics/{name:.*}],methods=[GET],produces=[application/vnd.spring-boot.actuator.v1+json || application/json]}" onto public java.lang.Object org.springframework.boot.actuate.endpoint.mvc.MetricsMvcEndpoint.value(java.lang.String)
2020-08-22 19:51:10.787  INFO 11481 --- [main] o.s.b.a.e.mvc.EndpointHandlerMapping     : Mapped "{[/metrics || /metrics.json],methods=[GET],produces=[application/vnd.spring-boot.actuator.v1+json || application/json]}" onto public java.lang.Object org.springframework.boot.actuate.endpoint.mvc.EndpointMvcAdapter.invoke()
2020-08-22 19:51:10.787  INFO 11481 --- [main] o.s.b.a.e.mvc.EndpointHandlerMapping     : Mapped "{[/dump || /dump.json],methods=[GET],produces=[application/vnd.spring-boot.actuator.v1+json || application/json]}" onto public java.lang.Object org.springframework.boot.actuate.endpoint.mvc.EndpointMvcAdapter.invoke()
2020-08-22 19:51:10.788  INFO 11481 --- [main] o.s.b.a.e.mvc.EndpointHandlerMapping     : Mapped "{[/configprops || /configprops.json],methods=[GET],produces=[application/vnd.spring-boot.actuator.v1+json || application/json]}" onto public java.lang.Object org.springframework.boot.actuate.endpoint.mvc.EndpointMvcAdapter.invoke()
2020-08-22 19:51:10.788  INFO 11481 --- [main] o.s.b.a.e.mvc.EndpointHandlerMapping     : Mapped "{[/mappings || /mappings.json],methods=[GET],produces=[application/vnd.spring-boot.actuator.v1+json || application/json]}" onto public java.lang.Object org.springframework.boot.actuate.endpoint.mvc.EndpointMvcAdapter.invoke()
2020-08-22 19:51:10.789  INFO 11481 --- [main] o.s.b.a.e.mvc.EndpointHandlerMapping     : Mapped "{[/beans || /beans.json],methods=[GET],produces=[application/vnd.spring-boot.actuator.v1+json || application/json]}" onto public java.lang.Object org.springframework.boot.actuate.endpoint.mvc.EndpointMvcAdapter.invoke()
2020-08-22 19:51:10.790  INFO 11481 --- [main] o.s.b.a.e.mvc.EndpointHandlerMapping     : Mapped "{[/auditevents || /auditevents.json],methods=[GET],produces=[application/vnd.spring-boot.actuator.v1+json || application/json]}" onto public org.springframework.http.ResponseEntity<?> org.springframework.boot.actuate.endpoint.mvc.AuditEventsMvcEndpoint.findByPrincipalAndAfterAndType(java.lang.String,java.util.Date,java.lang.String)
2020-08-22 19:51:10.791  INFO 11481 --- [main] o.s.b.a.e.mvc.EndpointHandlerMapping     : Mapped "{[/heapdump || /heapdump.json],methods=[GET],produces=[application/octet-stream]}" onto public void org.springframework.boot.actuate.endpoint.mvc.HeapdumpMvcEndpoint.invoke(boolean,javax.servlet.http.HttpServletRequest,javax.servlet.http.HttpServletResponse) throws java.io.IOException,javax.servlet.ServletException
2020-08-22 19:51:10.792  INFO 11481 --- [main] o.s.b.a.e.mvc.EndpointHandlerMapping     : Mapped "{[/loggers/{name:.*}],methods=[GET],produces=[application/vnd.spring-boot.actuator.v1+json || application/json]}" onto public java.lang.Object org.springframework.boot.actuate.endpoint.mvc.LoggersMvcEndpoint.get(java.lang.String)
2020-08-22 19:51:10.792  INFO 11481 --- [main] o.s.b.a.e.mvc.EndpointHandlerMapping     : Mapped "{[/loggers/{name:.*}],methods=[POST],consumes=[application/vnd.spring-boot.actuator.v1+json || application/json],produces=[application/vnd.spring-boot.actuator.v1+json || application/json]}" onto public java.lang.Object org.springframework.boot.actuate.endpoint.mvc.LoggersMvcEndpoint.set(java.lang.String,java.util.Map<java.lang.String, java.lang.String>)
2020-08-22 19:51:10.792  INFO 11481 --- [main] o.s.b.a.e.mvc.EndpointHandlerMapping     : Mapped "{[/loggers || /loggers.json],methods=[GET],produces=[application/vnd.spring-boot.actuator.v1+json || application/json]}" onto public java.lang.Object org.springframework.boot.actuate.endpoint.mvc.EndpointMvcAdapter.invoke()
2020-08-22 19:51:10.803  INFO 11481 --- [main] s.w.s.m.m.a.RequestMappingHandlerMapping : Mapped "{[/error]}" onto public java.util.Map<java.lang.String, java.lang.Object> org.springframework.boot.actuate.endpoint.mvc.ManagementErrorEndpoint.invoke()
2020-08-22 19:51:10.810  INFO 11481 --- [main] o.s.w.s.handler.SimpleUrlHandlerMapping  : Mapped URL path [/webjars/**] onto handler of type [class org.springframework.web.servlet.resource.ResourceHttpRequestHandler]
2020-08-22 19:51:10.811  INFO 11481 --- [main] o.s.w.s.handler.SimpleUrlHandlerMapping  : Mapped URL path [/**] onto handler of type [class org.springframework.web.servlet.resource.ResourceHttpRequestHandler]
2020-08-22 19:51:10.825  INFO 11481 --- [main] s.w.s.m.m.a.RequestMappingHandlerAdapter : Looking for @ControllerAdvice: org.springframework.boot.context.embedded.AnnotationConfigEmbeddedWebApplicationContext@5a62b2a4: startup date [Sat Aug 22 19:51:09 IST 2020]; parent: org.springframework.boot.context.embedded.AnnotationConfigEmbeddedWebApplicationContext@5c8da962
2020-08-22 19:51:10.904  INFO 11481 --- [main] s.b.c.e.t.TomcatEmbeddedServletContainer : Tomcat started on port(s): 8091 (http)
2020-08-22 19:51:10.908  INFO 11481 --- [main] o.s.c.support.DefaultLifecycleProcessor  : Starting beans in phase 2147483647
2020-08-22 19:51:10.908  INFO 11481 --- [main] d.s.w.p.DocumentationPluginsBootstrapper : Context refreshed
2020-08-22 19:51:10.927  INFO 11481 --- [main] d.s.w.p.DocumentationPluginsBootstrapper : Found 1 custom documentation plugin(s)
2020-08-22 19:51:10.935  INFO 11481 --- [main] s.d.s.w.s.ApiListingReferenceScanner     : Scanning for api listing references
2020-08-22 19:51:11.081  INFO 11481 --- [main] s.b.c.e.t.TomcatEmbeddedServletContainer : Tomcat started on port(s): 8090 (http)
2020-08-22 19:51:11.085  INFO 11481 --- [main] com.khoubyari.example.Application        : Started Application in 18.887 seconds (JVM running for 19.488)
2020-08-22 19:51:31.854  INFO 11481 --- [http-nio-8091-exec-1] o.a.c.c.C.[Tomcat-1].[localhost].[/]     : Initializing Spring FrameworkServlet 'dispatcherServlet'
2020-08-22 19:51:31.855  INFO 11481 --- [http-nio-8091-exec-1] o.s.web.servlet.DispatcherServlet        : FrameworkServlet 'dispatcherServlet': initialization started
2020-08-22 19:51:32.562  INFO 11481 --- [http-nio-8091-exec-1] o.s.web.servlet.DispatcherServlet        : FrameworkServlet 'dispatcherServlet': initialization completed in 706 ms
2020-08-22 19:52:06.826  INFO 11481 --- [Thread-6] ationConfigEmbeddedWebApplicationContext : Closing org.springframework.boot.context.embedded.AnnotationConfigEmbeddedWebApplicationContext@5c8da962: startup date [Sat Aug 22 19:51:02 IST 2020]; root of context hierarchy
2020-08-22 19:52:06.829  INFO 11481 --- [Thread-6] ationConfigEmbeddedWebApplicationContext : Closing org.springframework.boot.context.embedded.AnnotationConfigEmbeddedWebApplicationContext@5a62b2a4: startup date [Sat Aug 22 19:51:09 IST 2020]; parent: org.springframework.boot.context.embedded.AnnotationConfigEmbeddedWebApplicationContext@5c8da962
2020-08-22 19:52:08.224  INFO 11481 --- [Thread-6] o.s.c.support.DefaultLifecycleProcessor  : Stopping beans in phase 2147483647
2020-08-22 19:52:08.227  INFO 11481 --- [Thread-6] j.LocalContainerEntityManagerFactoryBean : Closing JPA EntityManagerFactory for persistence unit 'default'
2020-08-22 19:52:08.228  INFO 11481 --- [Thread-6] org.hibernate.tool.hbm2ddl.SchemaExport  : HHH000227: Running hbm2ddl schema export
2020-08-22 19:52:08.231  INFO 11481 --- [Thread-6] org.hibernate.tool.hbm2ddl.SchemaExport  : HHH000230: Schema export complete
